<?xml version="1.0" encoding="UTF-8"?>
<!-- Generated by org.testng.reporters.JUnitReportReporter -->
<testsuite skipped="0" hostname="NPR1002" name="testcases.SiasReportConfigurationTestCase" tests="1" failures="0" timestamp="2021-07-29T22:22:59 IST" time="106.943" errors="0">
  <testcase name="runReportConfiguration" time="106.943" classname="testcases.SiasReportConfigurationTestCase"/>
</testsuite> <!-- testcases.SiasReportConfigurationTestCase -->
