<?xml version="1.0" encoding="UTF-8"?>
<!-- Generated by org.testng.reporters.JUnitReportReporter -->
<testsuite skipped="0" hostname="DESKTOP-90KGRGP" name="testcases.SiasExternalSystemRefreshTestCase" tests="1" failures="0" timestamp="2022-06-14T18:04:02 IST" time="118.639" errors="0">
  <testcase name="runExternalSystemRefresh" time="118.639" classname="testcases.SiasExternalSystemRefreshTestCase"/>
</testsuite> <!-- testcases.SiasExternalSystemRefreshTestCase -->
