<?xml version="1.0" encoding="UTF-8"?>
<!-- Generated by org.testng.reporters.JUnitReportReporter -->
<testsuite skipped="0" hostname="NPR1002" name="testcases.SiasWorkFlowTestCase" tests="1" failures="0" timestamp="2021-07-29T22:22:59 IST" time="249.522" errors="0">
  <testcase name="runWorkflow" time="249.522" classname="testcases.SiasWorkFlowTestCase"/>
</testsuite> <!-- testcases.SiasWorkFlowTestCase -->
