<?xml version="1.0" encoding="UTF-8"?>
<!-- Generated by org.testng.reporters.JUnitReportReporter -->
<testsuite skipped="0" hostname="NPR1002" name="testcases.CommonParamTestcase" tests="1" failures="0" timestamp="2021-06-25T21:26:05 IST" time="116.359" errors="0">
  <testcase name="runCommonParameters" time="116.359" classname="testcases.CommonParamTestcase"/>
</testsuite> <!-- testcases.CommonParamTestcase -->
