<?xml version="1.0" encoding="UTF-8"?>
<!-- Generated by org.testng.reporters.JUnitReportReporter -->
<testsuite skipped="0" hostname="NPR1002" name="testcases.SiasCreateViewAuthRoleTestCase" tests="1" failures="0" timestamp="2021-06-24T12:42:52 IST" time="121.535" errors="0">
  <testcase name="runCreateRole" time="121.535" classname="testcases.SiasCreateViewAuthRoleTestCase"/>
</testsuite> <!-- testcases.SiasCreateViewAuthRoleTestCase -->
