<?xml version="1.0" encoding="UTF-8"?>
<!-- Generated by org.testng.reporters.JUnitReportReporter -->
<testsuite skipped="0" hostname="NPR1002" name="testcases.TemporaryTestcase" tests="1" failures="0" timestamp="2021-06-23T13:18:08 IST" time="105.084" errors="0">
  <testcase name="runTemporary" time="105.084" classname="testcases.TemporaryTestcase"/>
</testsuite> <!-- testcases.TemporaryTestcase -->
