<?xml version="1.0" encoding="UTF-8"?>
<!-- Generated by org.testng.reporters.JUnitReportReporter -->
<testsuite skipped="0" hostname="NPR1002" name="testcases.MasterTestcase" tests="1" failures="0" timestamp="2021-06-25T21:12:51 IST" time="62.619" errors="0">
  <testcase name="runMaster" time="62.619" classname="testcases.MasterTestcase"/>
</testsuite> <!-- testcases.MasterTestcase -->
