<?xml version="1.0" encoding="UTF-8"?>
<!-- Generated by org.testng.reporters.JUnitReportReporter -->
<testsuite skipped="0" hostname="DESKTOP-90KGRGP" name="testcases.SiasExcelUploadTestCase" tests="1" failures="0" timestamp="2022-07-04T14:51:12 IST" time="64.366" errors="0">
  <testcase name="runExcelUpload" time="64.366" classname="testcases.SiasExcelUploadTestCase"/>
</testsuite> <!-- testcases.SiasExcelUploadTestCase -->
