<?xml version="1.0" encoding="UTF-8"?>
<!-- Generated by org.testng.reporters.JUnitReportReporter -->
<testsuite skipped="0" hostname="DESKTOP-90KGRGP" name="testcases.SiasMappingNonOracleTestCase" tests="1" failures="0" timestamp="2022-06-14T18:11:45 IST" time="141.754" errors="0">
  <testcase name="runMappingNonOracle" time="141.754" classname="testcases.SiasMappingNonOracleTestCase"/>
</testsuite> <!-- testcases.SiasMappingNonOracleTestCase -->
