<?xml version="1.0" encoding="UTF-8"?>
<!-- Generated by org.testng.reporters.JUnitReportReporter -->
<testsuite skipped="0" hostname="DESKTOP-90KGRGP" name="testcases.SiasCommonParamTestcase" tests="1" failures="0" timestamp="2022-06-14T12:44:20 IST" time="92.743" errors="0">
  <testcase name="runCommonParameters" time="92.743" classname="testcases.SiasCommonParamTestcase"/>
</testsuite> <!-- testcases.SiasCommonParamTestcase -->
