<?xml version="1.0" encoding="UTF-8"?>
<!-- Generated by org.testng.reporters.JUnitReportReporter -->
<testsuite skipped="0" hostname="DESKTOP-90KGRGP" name="testcases.SiasSectionMaintenanceTestCase" tests="1" failures="0" timestamp="2022-06-28T13:42:21 IST" time="263.606" errors="0">
  <testcase name="runSectionMaintenance" time="263.606" classname="testcases.SiasSectionMaintenanceTestCase"/>
</testsuite> <!-- testcases.SiasSectionMaintenanceTestCase -->
