<?xml version="1.0" encoding="UTF-8"?>
<!-- Generated by org.testng.reporters.JUnitReportReporter -->
<testsuite skipped="0" hostname="NPR1002" name="testcases.SecurityPolicyTestcase" tests="1" failures="0" timestamp="2021-06-25T22:00:50 IST" time="272.915" errors="0">
  <testcase name="runSecurityPolicy" time="272.915" classname="testcases.SecurityPolicyTestcase"/>
</testsuite> <!-- testcases.SecurityPolicyTestcase -->
