<?xml version="1.0" encoding="UTF-8"?>
<!-- Generated by org.testng.reporters.JUnitReportReporter -->
<testsuite skipped="0" hostname="DESKTOP-90KGRGP" name="testcases.SiasExceptionDetailsTestCase" tests="1" failures="0" timestamp="2022-06-14T18:01:46 IST" time="97.250" errors="0">
  <testcase name="runExceptionDetails" time="97.250" classname="testcases.SiasExceptionDetailsTestCase"/>
</testsuite> <!-- testcases.SiasExceptionDetailsTestCase -->
