<?xml version="1.0" encoding="UTF-8"?>
<!-- Generated by org.testng.reporters.JUnitReportReporter -->
<testsuite skipped="0" hostname="NPR1002" name="testcases.StagingTestcase" tests="1" failures="0" timestamp="2021-06-23T15:31:35 IST" time="95.185" errors="0">
  <testcase name="runTemporary" time="95.185" classname="testcases.StagingTestcase"/>
</testsuite> <!-- testcases.StagingTestcase -->
