<?xml version="1.0" encoding="UTF-8"?>
<!-- Generated by org.testng.reporters.JUnitReportReporter -->
<testsuite skipped="0" hostname="NPR1002" name="testcases.SiasDeleteRoleTestCase" tests="1" failures="0" timestamp="2021-07-29T22:22:59 IST" time="129.536" errors="0">
  <testcase name="runDeleteRole" time="129.536" classname="testcases.SiasDeleteRoleTestCase"/>
</testsuite> <!-- testcases.SiasDeleteRoleTestCase -->
