<?xml version="1.0" encoding="UTF-8"?>
<!-- Generated by org.testng.reporters.JUnitReportReporter -->
<testsuite skipped="0" hostname="NPR1002" name="testcases.Reviewer1TestCase" tests="1" failures="0" timestamp="2021-06-25T09:11:34 IST" time="97.158" errors="0">
  <testcase name="runCreateandAuthUser" time="97.158" classname="testcases.Reviewer1TestCase"/>
</testsuite> <!-- testcases.Reviewer1TestCase -->
