<?xml version="1.0" encoding="UTF-8"?>
<!-- Generated by org.testng.reporters.JUnitReportReporter -->
<testsuite skipped="0" hostname="DESKTOP-90KGRGP" name="testcases.SiasCreateandAuthMaintenanceTestCase" tests="1" failures="0" timestamp="2022-06-14T12:48:23 IST" time="155.780" errors="0">
  <testcase name="runCreateMaintenancePage" time="155.780" classname="testcases.SiasCreateandAuthMaintenanceTestCase"/>
</testsuite> <!-- testcases.SiasCreateandAuthMaintenanceTestCase -->
