<?xml version="1.0" encoding="UTF-8"?>
<!-- Generated by org.testng.reporters.JUnitReportReporter -->
<testsuite skipped="0" hostname="DESKTOP-90KGRGP" name="testcases.SiasExcelProcessingSummaryTestCase" tests="1" failures="0" timestamp="2022-06-29T13:29:25 IST" time="153.696" errors="0">
  <testcase name="runExcelProcessingSummary" time="153.696" classname="testcases.SiasExcelProcessingSummaryTestCase"/>
</testsuite> <!-- testcases.SiasExcelProcessingSummaryTestCase -->
