<?xml version="1.0" encoding="UTF-8"?>
<!-- Generated by org.testng.reporters.JUnitReportReporter -->
<testsuite skipped="0" hostname="DESKTOP-90KGRGP" name="testcases.SiasExcelMappingTestCase" tests="1" failures="0" timestamp="2022-06-28T14:14:40 IST" time="216.997" errors="0">
  <testcase name="runExcelMapping" time="216.997" classname="testcases.SiasExcelMappingTestCase"/>
</testsuite> <!-- testcases.SiasExcelMappingTestCase -->
