<?xml version="1.0" encoding="UTF-8"?>
<!-- Generated by org.testng.reporters.JUnitReportReporter -->
<testsuite skipped="0" hostname="NPR1002" name="testcases.ReportmappingTestcase" tests="1" failures="0" timestamp="2021-06-17T17:11:37 IST" time="180.812" errors="0">
  <testcase name="runReportMapping" time="180.812" classname="testcases.ReportmappingTestcase"/>
</testsuite> <!-- testcases.ReportmappingTestcase -->
