<?xml version="1.0" encoding="UTF-8"?>
<!-- Generated by org.testng.reporters.JUnitReportReporter -->
<<<<<<< Updated upstream
<testsuite skipped="0" hostname="DESKTOP-90KGRGP" name="testcases.SiasManualReportMaintenanceTestCase" tests="1" failures="0" timestamp="2022-07-04T17:14:39 IST" time="103.462" errors="0">
  <testcase name="runManualReportMaintenance" time="103.462" classname="testcases.SiasManualReportMaintenanceTestCase"/>
=======
<testsuite skipped="0" hostname="DESKTOP-90KGRGP" name="testcases.SiasManualReportMaintenanceTestCase" tests="1" failures="0" timestamp="2022-06-29T13:23:53 IST" time="229.296" errors="0">
  <testcase name="runManualReportMaintenance" time="229.296" classname="testcases.SiasManualReportMaintenanceTestCase"/>
>>>>>>> Stashed changes
</testsuite> <!-- testcases.SiasManualReportMaintenanceTestCase -->
