<?xml version="1.0" encoding="UTF-8"?>
<!-- Generated by org.testng.reporters.JUnitReportReporter -->
<testsuite skipped="0" hostname="NPR1002" name="testcases.SiasMappingNonOracleTestCase" tests="1" failures="0" timestamp="2021-07-29T22:22:59 IST" time="88.005" errors="0">
  <testcase name="runMappingNonOracle" time="88.005" classname="testcases.SiasMappingNonOracleTestCase"/>
</testsuite> <!-- testcases.SiasMappingNonOracleTestCase -->
