<?xml version="1.0" encoding="UTF-8"?>
<!-- Generated by org.testng.reporters.JUnitReportReporter -->
<testsuite skipped="0" hostname="DESKTOP-90KGRGP" name="testcases.SiasCreateModifyandAuthUserTestCase" tests="1" failures="0" timestamp="2022-06-27T21:20:35 IST" time="211.647" errors="0">
  <testcase name="runCreateandAuthUser" time="211.647" classname="testcases.SiasCreateModifyandAuthUserTestCase"/>
</testsuite> <!-- testcases.SiasCreateModifyandAuthUserTestCase -->
