<?xml version="1.0" encoding="UTF-8"?>
<!-- Generated by org.testng.reporters.JUnitReportReporter -->
<testsuite skipped="0" hostname="DESKTOP-90KGRGP" name="testcases.SiasMasterTestcase" tests="1" failures="0" timestamp="2022-06-14T18:13:31 IST" time="90.875" errors="0">
  <testcase name="runMaster" time="90.875" classname="testcases.SiasMasterTestcase"/>
</testsuite> <!-- testcases.SiasMasterTestcase -->
