<?xml version="1.0" encoding="UTF-8"?>
<!-- Generated by org.testng.reporters.JUnitReportReporter -->
<testsuite skipped="0" hostname="NPR1002" name="testcases.SiasCreateandAuthUserTestCase" tests="1" failures="0" timestamp="2021-06-23T11:00:02 IST" time="150.224" errors="0">
  <testcase name="runCreateandAuthUser" time="150.224" classname="testcases.SiasCreateandAuthUserTestCase"/>
</testsuite> <!-- testcases.SiasCreateandAuthUserTestCase -->
